{"C:\\Users\\jimen\\Downloads\\Practicing for Parcial 1\\src\\index.js": {"path":"C:\\Users\\jimen\\Downloads\\Practicing for Parcial 1\\src\\index.js","statementMap":{"0":{"start":{"line":2,"column":16},"end":{"line":2,"column":34}},"1":{"start":{"line":3,"column":13},"end":{"line":3,"column":28}},"2":{"start":{"line":4,"column":12},"end":{"line":4,"column":21}},"3":{"start":{"line":7,"column":0},"end":{"line":7,"column":16}},"4":{"start":{"line":8,"column":0},"end":{"line":8,"column":24}},"5":{"start":{"line":11,"column":21},"end":{"line":11,"column":51}},"6":{"start":{"line":15,"column":0},"end":{"line":15,"column":33}},"7":{"start":{"line":19,"column":0},"end":{"line":19,"column":21}}},"fnMap":{},"branchMap":{},"s":{"0":14,"1":14,"2":14,"3":14,"4":14,"5":14,"6":14,"7":14},"f":{},"b":{},"_coverageSchema":"1a1c01bbd47fc00a2c39e90264f33305004495a9","hash":"790e6ba37baa8f4f0e2be9119406814704d4b037"}
,"C:\\Users\\jimen\\Downloads\\Practicing for Parcial 1\\src\\database\\db.js": {"path":"C:\\Users\\jimen\\Downloads\\Practicing for Parcial 1\\src\\database\\db.js","statementMap":{"0":{"start":{"line":4,"column":15},"end":{"line":105,"column":1}},"1":{"start":{"line":107,"column":17},"end":{"line":107,"column":19}},"2":{"start":{"line":108,"column":16},"end":{"line":108,"column":18}},"3":{"start":{"line":109,"column":23},"end":{"line":109,"column":25}},"4":{"start":{"line":111,"column":0},"end":{"line":111,"column":61}}},"fnMap":{},"branchMap":{},"s":{"0":14,"1":14,"2":14,"3":14,"4":14},"f":{},"b":{},"_coverageSchema":"1a1c01bbd47fc00a2c39e90264f33305004495a9","hash":"9434c73b541ffa1d9b6cf14e619ac04a662be129"}
,"C:\\Users\\jimen\\Downloads\\Practicing for Parcial 1\\src\\routes\\carroRoute.js": {"path":"C:\\Users\\jimen\\Downloads\\Practicing for Parcial 1\\src\\routes\\carroRoute.js","statementMap":{"0":{"start":{"line":1,"column":16},"end":{"line":1,"column":34}},"1":{"start":{"line":2,"column":15},"end":{"line":2,"column":31}},"2":{"start":{"line":3,"column":10},"end":{"line":3,"column":24}},"3":{"start":{"line":6,"column":52},"end":{"line":6,"column":80}},"4":{"start":{"line":7,"column":22},"end":{"line":7,"column":58}},"5":{"start":{"line":10,"column":0},"end":{"line":13,"column":3}},"6":{"start":{"line":11,"column":4},"end":{"line":11,"column":21}},"7":{"start":{"line":16,"column":0},"end":{"line":24,"column":3}},"8":{"start":{"line":17,"column":15},"end":{"line":17,"column":28}},"9":{"start":{"line":18,"column":18},"end":{"line":18,"column":47}},"10":{"start":{"line":18,"column":35},"end":{"line":18,"column":46}},"11":{"start":{"line":19,"column":4},"end":{"line":23,"column":5}},"12":{"start":{"line":20,"column":8},"end":{"line":20,"column":36}},"13":{"start":{"line":22,"column":8},"end":{"line":22,"column":54}},"14":{"start":{"line":28,"column":0},"end":{"line":47,"column":3}},"15":{"start":{"line":29,"column":23},"end":{"line":29,"column":31}},"16":{"start":{"line":30,"column":24},"end":{"line":30,"column":59}},"17":{"start":{"line":32,"column":4},"end":{"line":46,"column":5}},"18":{"start":{"line":33,"column":28},"end":{"line":33,"column":68}},"19":{"start":{"line":33,"column":45},"end":{"line":33,"column":67}},"20":{"start":{"line":35,"column":8},"end":{"line":43,"column":9}},"21":{"start":{"line":36,"column":12},"end":{"line":36,"column":78}},"22":{"start":{"line":38,"column":36},"end":{"line":40,"column":13}},"23":{"start":{"line":41,"column":12},"end":{"line":41,"column":41}},"24":{"start":{"line":42,"column":12},"end":{"line":42,"column":105}},"25":{"start":{"line":45,"column":8},"end":{"line":45,"column":59}},"26":{"start":{"line":49,"column":0},"end":{"line":67,"column":3}},"27":{"start":{"line":50,"column":15},"end":{"line":50,"column":28}},"28":{"start":{"line":51,"column":30},"end":{"line":51,"column":38}},"29":{"start":{"line":54,"column":23},"end":{"line":54,"column":57}},"30":{"start":{"line":54,"column":45},"end":{"line":54,"column":56}},"31":{"start":{"line":56,"column":4},"end":{"line":66,"column":5}},"32":{"start":{"line":58,"column":8},"end":{"line":61,"column":10}},"33":{"start":{"line":63,"column":8},"end":{"line":63,"column":49}},"34":{"start":{"line":65,"column":8},"end":{"line":65,"column":52}},"35":{"start":{"line":69,"column":0},"end":{"line":83,"column":3}},"36":{"start":{"line":70,"column":15},"end":{"line":70,"column":28}},"37":{"start":{"line":73,"column":23},"end":{"line":73,"column":57}},"38":{"start":{"line":73,"column":45},"end":{"line":73,"column":56}},"39":{"start":{"line":76,"column":4},"end":{"line":82,"column":5}},"40":{"start":{"line":78,"column":8},"end":{"line":78,"column":37}},"41":{"start":{"line":79,"column":8},"end":{"line":79,"column":61}},"42":{"start":{"line":81,"column":8},"end":{"line":81,"column":52}},"43":{"start":{"line":86,"column":0},"end":{"line":96,"column":3}},"44":{"start":{"line":87,"column":19},"end":{"line":87,"column":35}},"45":{"start":{"line":88,"column":26},"end":{"line":88,"column":32}},"46":{"start":{"line":91,"column":4},"end":{"line":93,"column":5}},"47":{"start":{"line":92,"column":8},"end":{"line":92,"column":120}},"48":{"start":{"line":92,"column":58},"end":{"line":92,"column":118}},"49":{"start":{"line":95,"column":4},"end":{"line":95,"column":42}},"50":{"start":{"line":99,"column":0},"end":{"line":102,"column":3}},"51":{"start":{"line":100,"column":4},"end":{"line":100,"column":36}},"52":{"start":{"line":101,"column":4},"end":{"line":101,"column":26}},"53":{"start":{"line":104,"column":0},"end":{"line":104,"column":24}}},"fnMap":{"0":{"name":"(anonymous_0)","decl":{"start":{"line":10,"column":16},"end":{"line":10,"column":17}},"loc":{"start":{"line":10,"column":30},"end":{"line":13,"column":1}},"line":10},"1":{"name":"(anonymous_1)","decl":{"start":{"line":16,"column":19},"end":{"line":16,"column":20}},"loc":{"start":{"line":16,"column":33},"end":{"line":24,"column":1}},"line":16},"2":{"name":"(anonymous_2)","decl":{"start":{"line":18,"column":30},"end":{"line":18,"column":31}},"loc":{"start":{"line":18,"column":35},"end":{"line":18,"column":46}},"line":18},"3":{"name":"(anonymous_3)","decl":{"start":{"line":28,"column":17},"end":{"line":28,"column":18}},"loc":{"start":{"line":28,"column":31},"end":{"line":47,"column":1}},"line":28},"4":{"name":"(anonymous_4)","decl":{"start":{"line":33,"column":40},"end":{"line":33,"column":41}},"loc":{"start":{"line":33,"column":45},"end":{"line":33,"column":67}},"line":33},"5":{"name":"(anonymous_5)","decl":{"start":{"line":49,"column":19},"end":{"line":49,"column":20}},"loc":{"start":{"line":49,"column":33},"end":{"line":67,"column":1}},"line":49},"6":{"name":"(anonymous_6)","decl":{"start":{"line":54,"column":40},"end":{"line":54,"column":41}},"loc":{"start":{"line":54,"column":45},"end":{"line":54,"column":56}},"line":54},"7":{"name":"(anonymous_7)","decl":{"start":{"line":69,"column":22},"end":{"line":69,"column":23}},"loc":{"start":{"line":69,"column":36},"end":{"line":83,"column":1}},"line":69},"8":{"name":"(anonymous_8)","decl":{"start":{"line":73,"column":40},"end":{"line":73,"column":41}},"loc":{"start":{"line":73,"column":45},"end":{"line":73,"column":56}},"line":73},"9":{"name":"(anonymous_9)","decl":{"start":{"line":86,"column":16},"end":{"line":86,"column":17}},"loc":{"start":{"line":86,"column":30},"end":{"line":96,"column":1}},"line":86},"10":{"name":"(anonymous_10)","decl":{"start":{"line":92,"column":49},"end":{"line":92,"column":50}},"loc":{"start":{"line":92,"column":58},"end":{"line":92,"column":118}},"line":92},"11":{"name":"(anonymous_11)","decl":{"start":{"line":99,"column":19},"end":{"line":99,"column":20}},"loc":{"start":{"line":99,"column":33},"end":{"line":102,"column":1}},"line":99}},"branchMap":{"0":{"loc":{"start":{"line":19,"column":4},"end":{"line":23,"column":5}},"type":"if","locations":[{"start":{"line":19,"column":4},"end":{"line":23,"column":5}},{"start":{"line":21,"column":11},"end":{"line":23,"column":5}}],"line":19},"1":{"loc":{"start":{"line":32,"column":4},"end":{"line":46,"column":5}},"type":"if","locations":[{"start":{"line":32,"column":4},"end":{"line":46,"column":5}},{"start":{"line":44,"column":11},"end":{"line":46,"column":5}}],"line":32},"2":{"loc":{"start":{"line":35,"column":8},"end":{"line":43,"column":9}},"type":"if","locations":[{"start":{"line":35,"column":8},"end":{"line":43,"column":9}},{"start":{"line":37,"column":15},"end":{"line":43,"column":9}}],"line":35},"3":{"loc":{"start":{"line":56,"column":4},"end":{"line":66,"column":5}},"type":"if","locations":[{"start":{"line":56,"column":4},"end":{"line":66,"column":5}},{"start":{"line":64,"column":11},"end":{"line":66,"column":5}}],"line":56},"4":{"loc":{"start":{"line":76,"column":4},"end":{"line":82,"column":5}},"type":"if","locations":[{"start":{"line":76,"column":4},"end":{"line":82,"column":5}},{"start":{"line":80,"column":11},"end":{"line":82,"column":5}}],"line":76},"5":{"loc":{"start":{"line":91,"column":4},"end":{"line":93,"column":5}},"type":"if","locations":[{"start":{"line":91,"column":4},"end":{"line":93,"column":5}},{"start":{},"end":{}}],"line":91}},"s":{"0":14,"1":14,"2":14,"3":14,"4":14,"5":14,"6":6,"7":14,"8":2,"9":2,"10":11,"11":2,"12":1,"13":1,"14":14,"15":2,"16":2,"17":2,"18":2,"19":11,"20":2,"21":1,"22":1,"23":1,"24":1,"25":0,"26":14,"27":2,"28":2,"29":2,"30":11,"31":2,"32":1,"33":1,"34":1,"35":14,"36":2,"37":2,"38":11,"39":2,"40":1,"41":1,"42":1,"43":14,"44":0,"45":0,"46":0,"47":0,"48":0,"49":0,"50":14,"51":1,"52":1,"53":14},"f":{"0":6,"1":2,"2":11,"3":2,"4":11,"5":2,"6":11,"7":2,"8":11,"9":0,"10":0,"11":1},"b":{"0":[1,1],"1":[2,0],"2":[1,1],"3":[1,1],"4":[1,1],"5":[0,0]},"_coverageSchema":"1a1c01bbd47fc00a2c39e90264f33305004495a9","hash":"27817baaaf55ae8a4cef9ff511b553f9378caf90"}
,"C:\\Users\\jimen\\Downloads\\Practicing for Parcial 1\\src\\schemas\\carritosZod.js": {"path":"C:\\Users\\jimen\\Downloads\\Practicing for Parcial 1\\src\\schemas\\carritosZod.js","statementMap":{"0":{"start":{"line":1,"column":10},"end":{"line":1,"column":24}},"1":{"start":{"line":3,"column":23},"end":{"line":7,"column":2}},"2":{"start":{"line":9,"column":22},"end":{"line":14,"column":2}},"3":{"start":{"line":16,"column":0},"end":{"line":16,"column":31}}},"fnMap":{},"branchMap":{},"s":{"0":14,"1":14,"2":14,"3":14},"f":{},"b":{},"_coverageSchema":"1a1c01bbd47fc00a2c39e90264f33305004495a9","hash":"c9908ef2e41cc7d6d75fa776cefabce291a3bca2"}
}
