TN:
SF:src\index.js
FNF:0
FNH:0
DA:2,14
DA:3,14
DA:4,14
DA:7,14
DA:8,14
DA:11,14
DA:15,14
DA:19,14
LF:8
LH:8
BRF:0
BRH:0
end_of_record
TN:
SF:src\database\db.js
FNF:0
FNH:0
DA:4,14
DA:107,14
DA:108,14
DA:109,14
DA:111,14
LF:5
LH:5
BRF:0
BRH:0
end_of_record
TN:
SF:src\routes\carroRoute.js
FN:10,(anonymous_0)
FN:16,(anonymous_1)
FN:18,(anonymous_2)
FN:28,(anonymous_3)
FN:33,(anonymous_4)
FN:49,(anonymous_5)
FN:54,(anonymous_6)
FN:69,(anonymous_7)
FN:73,(anonymous_8)
FN:86,(anonymous_9)
FN:92,(anonymous_10)
FN:99,(anonymous_11)
FNF:12
FNH:10
FNDA:6,(anonymous_0)
FNDA:2,(anonymous_1)
FNDA:11,(anonymous_2)
FNDA:2,(anonymous_3)
FNDA:11,(anonymous_4)
FNDA:2,(anonymous_5)
FNDA:11,(anonymous_6)
FNDA:2,(anonymous_7)
FNDA:11,(anonymous_8)
FNDA:0,(anonymous_9)
FNDA:0,(anonymous_10)
FNDA:1,(anonymous_11)
DA:1,14
DA:2,14
DA:3,14
DA:6,14
DA:7,14
DA:10,14
DA:11,6
DA:16,14
DA:17,2
DA:18,11
DA:19,2
DA:20,1
DA:22,1
DA:28,14
DA:29,2
DA:30,2
DA:32,2
DA:33,11
DA:35,2
DA:36,1
DA:38,1
DA:41,1
DA:42,1
DA:45,0
DA:49,14
DA:50,2
DA:51,2
DA:54,11
DA:56,2
DA:58,1
DA:63,1
DA:65,1
DA:69,14
DA:70,2
DA:73,11
DA:76,2
DA:78,1
DA:79,1
DA:81,1
DA:86,14
DA:87,0
DA:88,0
DA:91,0
DA:92,0
DA:95,0
DA:99,14
DA:100,1
DA:101,1
DA:104,14
LF:49
LH:43
BRDA:19,0,0,1
BRDA:19,0,1,1
BRDA:32,1,0,2
BRDA:32,1,1,0
BRDA:35,2,0,1
BRDA:35,2,1,1
BRDA:56,3,0,1
BRDA:56,3,1,1
BRDA:76,4,0,1
BRDA:76,4,1,1
BRDA:91,5,0,0
BRDA:91,5,1,0
BRF:12
BRH:9
end_of_record
TN:
SF:src\schemas\carritosZod.js
FNF:0
FNH:0
DA:1,14
DA:3,14
DA:9,14
DA:16,14
LF:4
LH:4
BRF:0
BRH:0
end_of_record
